<?xml version="1.0" encoding="UTF-8"?>
<!-- Generated by org.testng.reporters.JUnitXMLReporter -->
<testsuite ignored="0" hostname="LTIN520446" failures="0" tests="3" name="EdgeTest" time="43.155" errors="0" timestamp="2024-04-03T14:20:04 IST">
  <testcase classname="TestCases.TC001_beCognizant" name="userVerification" time="0.0">
    <skipped/>
  </testcase> <!-- userVerification -->
  <testcase classname="TestCases.TC001_beCognizant" name="oneCognizantFunctions" time="0.0">
    <skipped/>
  </testcase> <!-- oneCognizantFunctions -->
  <testcase classname="TestCases.TC001_beCognizant" name="timeSheetNavigation" time="0.0">
    <skipped/>
  </testcase> <!-- timeSheetNavigation -->
</testsuite> <!-- EdgeTest -->
